# JRE version: Java(TM) SE Runtime Environment (8.0_291-b10) (build 1.8.0_291-b10)
# Java VM: Java HotSpot(TM) 64-Bit Server VM (25.291-b10 mixed mode windows-amd64 compressed oops)
Heap:
 PSYoungGen      total 713216K, used 516294K [0x000000076ab00000, 0x000000079e500000, 0x00000007c0000000)
  eden space 606720K, 70% used [0x000000076ab00000,0x0000000784dd3a80,0x000000078fb80000)
  from space 106496K, 82% used [0x000000078fb80000,0x00000007950ddf28,0x0000000796380000)
  to   space 82432K, 0% used [0x0000000796380000,0x0000000796380000,0x000000079b400000)
 ParOldGen       total 485888K, used 245875K [0x00000006c0000000, 0x00000006dda80000, 0x000000076ab00000)
  object space 485888K, 50% used [0x00000006c0000000,0x00000006cf01cc20,0x00000006dda80000)
 Metaspace       used 15257K, capacity 15828K, committed 16128K, reserved 1062912K
  class space    used 1567K, capacity 1717K, committed 1792K, reserved 1048576K
GC Heap History (10 events):
Event: 79.650 GC heap before
{Heap before GC invocations=99 (full 4):
 PSYoungGen      total 701440K, used 669631K [0x000000076ab00000, 0x000000079bb00000, 0x00000007c0000000)
  eden space 608768K, 99% used [0x000000076ab00000,0x000000078fd720f0,0x000000078fd80000)
  from space 92672K, 65% used [0x0000000795b00000,0x000000079967dc70,0x000000079b580000)
  to   space 95744K, 0% used [0x000000078fd80000,0x000000078fd80000,0x0000000795b00000)
 ParOldGen       total 485888K, used 214214K [0x00000006c0000000, 0x00000006dda80000, 0x000000076ab00000)
  object space 485888K, 44% used [0x00000006c0000000,0x00000006cd1319c8,0x00000006dda80000)
 Metaspace       used 15254K, capacity 15828K, committed 16128K, reserved 1062912K
  class space    used 1567K, capacity 1717K, committed 1792K, reserved 1048576K
Event: 79.655 GC heap after
Heap after GC invocations=99 (full 4):
 PSYoungGen      total 704512K, used 47584K [0x000000076ab00000, 0x000000079be00000, 0x00000007c0000000)
  eden space 608768K, 0% used [0x000000076ab00000,0x000000076ab00000,0x000000078fd80000)
  from space 95744K, 49% used [0x000000078fd80000,0x0000000792bf8228,0x0000000795b00000)
  to   space 92672K, 0% used [0x0000000796380000,0x0000000796380000,0x000000079be00000)
 ParOldGen       total 485888K, used 214214K [0x00000006c0000000, 0x00000006dda80000, 0x000000076ab00000)
  object space 485888K, 44% used [0x00000006c0000000,0x00000006cd1319c8,0x00000006dda80000)
 Metaspace       used 15254K, capacity 15828K, committed 16128K, reserved 1062912K
  class space    used 1567K, capacity 1717K, committed 1792K, reserved 1048576K
}
Event: 80.606 GC heap before
{Heap before GC invocations=100 (full 4):
 PSYoungGen      total 704512K, used 656352K [0x000000076ab00000, 0x000000079be00000, 0x00000007c0000000)
  eden space 608768K, 100% used [0x000000076ab00000,0x000000078fd80000,0x000000078fd80000)
  from space 95744K, 49% used [0x000000078fd80000,0x0000000792bf8228,0x0000000795b00000)
  to   space 92672K, 0% used [0x0000000796380000,0x0000000796380000,0x000000079be00000)
 ParOldGen       total 485888K, used 214214K [0x00000006c0000000, 0x00000006dda80000, 0x000000076ab00000)
  object space 485888K, 44% used [0x00000006c0000000,0x00000006cd1319c8,0x00000006dda80000)
 Metaspace       used 15254K, capacity 15828K, committed 16128K, reserved 1062912K
  class space    used 1567K, capacity 1717K, committed 1792K, reserved 1048576K
Event: 80.610 GC heap after
Heap after GC invocations=100 (full 4):
 PSYoungGen      total 701952K, used 37308K [0x000000076ab00000, 0x000000079b400000, 0x00000007c0000000)
  eden space 619520K, 0% used [0x000000076ab00000,0x000000076ab00000,0x0000000790800000)
  from space 82432K, 45% used [0x0000000796380000,0x00000007987ef300,0x000000079b400000)
  to   space 88064K, 0% used [0x0000000790800000,0x0000000790800000,0x0000000795e00000)
 ParOldGen       total 485888K, used 214214K [0x00000006c0000000, 0x00000006dda80000, 0x000000076ab00000)
  object space 485888K, 44% used [0x00000006c0000000,0x00000006cd1319c8,0x00000006dda80000)
 Metaspace       used 15254K, capacity 15828K, committed 16128K, reserved 1062912K
  class space    used 1567K, capacity 1717K, committed 1792K, reserved 1048576K
}
Event: 81.445 GC heap before
{Heap before GC invocations=101 (full 4):
 PSYoungGen      total 701952K, used 656814K [0x000000076ab00000, 0x000000079b400000, 0x00000007c0000000)
  eden space 619520K, 99% used [0x000000076ab00000,0x00000007907fc690,0x0000000790800000)
  from space 82432K, 45% used [0x0000000796380000,0x00000007987ef300,0x000000079b400000)
  to   space 88064K, 0% used [0x0000000790800000,0x0000000790800000,0x0000000795e00000)
 ParOldGen       total 485888K, used 214214K [0x00000006c0000000, 0x00000006dda80000, 0x000000076ab00000)
  object space 485888K, 44% used [0x00000006c0000000,0x00000006cd1319c8,0x00000006dda80000)
 Metaspace       used 15254K, capacity 15828K, committed 16128K, reserved 1062912K
  class space    used 1567K, capacity 1717K, committed 1792K, reserved 1048576K
Event: 81.457 GC heap after
Heap after GC invocations=101 (full 4):
 PSYoungGen      total 707584K, used 88054K [0x000000076ab00000, 0x000000079b400000, 0x00000007c0000000)
  eden space 619520K, 0% used [0x000000076ab00000,0x000000076ab00000,0x0000000790800000)
  from space 88064K, 99% used [0x0000000790800000,0x0000000795dfd9e0,0x0000000795e00000)
  to   space 82432K, 0% used [0x0000000796380000,0x0000000796380000,0x000000079b400000)
 ParOldGen       total 485888K, used 245875K [0x00000006c0000000, 0x00000006dda80000, 0x000000076ab00000)
  object space 485888K, 50% used [0x00000006c0000000,0x00000006cf01cc20,0x00000006dda80000)
 Metaspace       used 15254K, capacity 15828K, committed 16128K, reserved 1062912K
  class space    used 1567K, capacity 1717K, committed 1792K, reserved 1048576K
}
Event: 82.318 GC heap before
{Heap before GC invocations=102 (full 4):
 PSYoungGen      total 707584K, used 707541K [0x000000076ab00000, 0x000000079b400000, 0x00000007c0000000)
  eden space 619520K, 99% used [0x000000076ab00000,0x00000007907f7b80,0x0000000790800000)
  from space 88064K, 99% used [0x0000000790800000,0x0000000795dfd9e0,0x0000000795e00000)
  to   space 82432K, 0% used [0x0000000796380000,0x0000000796380000,0x000000079b400000)
 ParOldGen       total 485888K, used 245875K [0x00000006c0000000, 0x00000006dda80000, 0x000000076ab00000)
  object space 485888K, 50% used [0x00000006c0000000,0x00000006cf01cc20,0x00000006dda80000)
 Metaspace       used 15257K, capacity 15828K, committed 16128K, reserved 1062912K
  class space    used 1567K, capacity 1717K, committed 1792K, reserved 1048576K
Event: 82.324 GC heap after
Heap after GC invocations=102 (full 4):
 PSYoungGen      total 689152K, used 47986K [0x000000076ab00000, 0x000000079e500000, 0x00000007c0000000)
  eden space 606720K, 0% used [0x000000076ab00000,0x000000076ab00000,0x000000078fb80000)
  from space 82432K, 58% used [0x0000000796380000,0x000000079925c848,0x000000079b400000)
  to   space 106496K, 0% used [0x000000078fb80000,0x000000078fb80000,0x0000000796380000)
 ParOldGen       total 485888K, used 245875K [0x00000006c0000000, 0x00000006dda80000, 0x000000076ab00000)
  object space 485888K, 50% used [0x00000006c0000000,0x00000006cf01cc20,0x00000006dda80000)
 Metaspace       used 15257K, capacity 15828K, committed 16128K, reserved 1062912K
  class space    used 1567K, capacity 1717K, committed 1792K, reserved 1048576K
}
Event: 83.191 GC heap before
{Heap before GC invocations=103 (full 4):
 PSYoungGen      total 689152K, used 654630K [0x000000076ab00000, 0x000000079e500000, 0x00000007c0000000)
  eden space 606720K, 99% used [0x000000076ab00000,0x000000078fb6d258,0x000000078fb80000)
  from space 82432K, 58% used [0x0000000796380000,0x000000079925c848,0x000000079b400000)
  to   space 106496K, 0% used [0x000000078fb80000,0x000000078fb80000,0x0000000796380000)
 ParOldGen       total 485888K, used 245875K [0x00000006c0000000, 0x00000006dda80000, 0x000000076ab00000)
  object space 485888K, 50% used [0x00000006c0000000,0x00000006cf01cc20,0x00000006dda80000)
 Metaspace       used 15257K, capacity 15828K, committed 16128K, reserved 1062912K
  class space    used 1567K, capacity 1717K, committed 1792K, reserved 1048576K
Event: 83.200 GC heap after
Heap after GC invocations=103 (full 4):
 PSYoungGen      total 713216K, used 87415K [0x000000076ab00000, 0x000000079e500000, 0x00000007c0000000)
  eden space 606720K, 0% used [0x000000076ab00000,0x000000076ab00000,0x000000078fb80000)
  from space 106496K, 82% used [0x000000078fb80000,0x00000007950ddf28,0x0000000796380000)
  to   space 82432K, 0% used [0x0000000796380000,0x0000000796380000,0x000000079b400000)
 ParOldGen       total 485888K, used 245875K [0x00000006c0000000, 0x00000006dda80000, 0x000000076ab00000)
  object space 485888K, 50% used [0x00000006c0000000,0x00000006cf01cc20,0x00000006dda80000)
 Metaspace       used 15257K, capacity 15828K, committed 16128K, reserved 1062912K
  class space    used 1567K, capacity 1717K, committed 1792K, reserved 1048576K
}

