# JRE version: Java(TM) SE Runtime Environment (8.0_291-b10) (build 1.8.0_291-b10)
# Java VM: Java HotSpot(TM) 64-Bit Server VM (25.291-b10 mixed mode windows-amd64 compressed oops)
Heap:
 PSYoungGen      total 541696K, used 210070K [0x000000076ab00000, 0x0000000793800000, 0x00000007c0000000)
  eden space 426496K, 43% used [0x000000076ab00000,0x0000000775e4bdf8,0x0000000784b80000)
  from space 115200K, 22% used [0x0000000784b80000,0x0000000786559b28,0x000000078bc00000)
  to   space 113152K, 0% used [0x000000078c980000,0x000000078c980000,0x0000000793800000)
 ParOldGen       total 482816K, used 322798K [0x00000006c0000000, 0x00000006dd780000, 0x000000076ab00000)
  object space 482816K, 66% used [0x00000006c0000000,0x00000006d3b3b9e0,0x00000006dd780000)
 Metaspace       used 14661K, capacity 15236K, committed 15360K, reserved 1062912K
  class space    used 1564K, capacity 1717K, committed 1792K, reserved 1048576K
GC Heap History (10 events):
Event: 8.929 GC heap before
{Heap before GC invocations=19 (full 2):
 PSYoungGen      total 480256K, used 437287K [0x000000076ab00000, 0x000000078dc00000, 0x00000007c0000000)
  eden space 392192K, 99% used [0x000000076ab00000,0x00000007829f3338,0x0000000782a00000)
  from space 88064K, 51% used [0x0000000788600000,0x000000078b216980,0x000000078dc00000)
  to   space 91136K, 0% used [0x0000000782a00000,0x0000000782a00000,0x0000000788300000)
 ParOldGen       total 482816K, used 250490K [0x00000006c0000000, 0x00000006dd780000, 0x000000076ab00000)
  object space 482816K, 51% used [0x00000006c0000000,0x00000006cf49eb60,0x00000006dd780000)
 Metaspace       used 14489K, capacity 15036K, committed 15360K, reserved 1062912K
  class space    used 1563K, capacity 1717K, committed 1792K, reserved 1048576K
Event: 8.950 GC heap after
Heap after GC invocations=19 (full 2):
 PSYoungGen      total 483328K, used 91128K [0x000000076ab00000, 0x0000000790980000, 0x00000007c0000000)
  eden space 392192K, 0% used [0x000000076ab00000,0x000000076ab00000,0x0000000782a00000)
  from space 91136K, 99% used [0x0000000782a00000,0x00000007882fe260,0x0000000788300000)
  to   space 101376K, 0% used [0x000000078a680000,0x000000078a680000,0x0000000790980000)
 ParOldGen       total 482816K, used 322766K [0x00000006c0000000, 0x00000006dd780000, 0x000000076ab00000)
  object space 482816K, 66% used [0x00000006c0000000,0x00000006d3b339e0,0x00000006dd780000)
 Metaspace       used 14489K, capacity 15036K, committed 15360K, reserved 1062912K
  class space    used 1563K, capacity 1717K, committed 1792K, reserved 1048576K
}
Event: 9.733 GC heap before
{Heap before GC invocations=20 (full 2):
 PSYoungGen      total 483328K, used 483307K [0x000000076ab00000, 0x0000000790980000, 0x00000007c0000000)
  eden space 392192K, 99% used [0x000000076ab00000,0x00000007829fcba8,0x0000000782a00000)
  from space 91136K, 99% used [0x0000000782a00000,0x00000007882fe260,0x0000000788300000)
  to   space 101376K, 0% used [0x000000078a680000,0x000000078a680000,0x0000000790980000)
 ParOldGen       total 482816K, used 322766K [0x00000006c0000000, 0x00000006dd780000, 0x000000076ab00000)
  object space 482816K, 66% used [0x00000006c0000000,0x00000006d3b339e0,0x00000006dd780000)
 Metaspace       used 14500K, capacity 15100K, committed 15360K, reserved 1062912K
  class space    used 1563K, capacity 1717K, committed 1792K, reserved 1048576K
Event: 9.748 GC heap after
Heap after GC invocations=20 (full 2):
 PSYoungGen      total 510976K, used 92828K [0x000000076ab00000, 0x0000000791900000, 0x00000007c0000000)
  eden space 409600K, 0% used [0x000000076ab00000,0x000000076ab00000,0x0000000783b00000)
  from space 101376K, 91% used [0x000000078a680000,0x00000007901270d8,0x0000000790980000)
  to   space 110080K, 0% used [0x0000000783b00000,0x0000000783b00000,0x000000078a680000)
 ParOldGen       total 482816K, used 322774K [0x00000006c0000000, 0x00000006dd780000, 0x000000076ab00000)
  object space 482816K, 66% used [0x00000006c0000000,0x00000006d3b359e0,0x00000006dd780000)
 Metaspace       used 14500K, capacity 15100K, committed 15360K, reserved 1062912K
  class space    used 1563K, capacity 1717K, committed 1792K, reserved 1048576K
}
Event: 10.659 GC heap before
{Heap before GC invocations=21 (full 2):
 PSYoungGen      total 510976K, used 502347K [0x000000076ab00000, 0x0000000791900000, 0x00000007c0000000)
  eden space 409600K, 99% used [0x000000076ab00000,0x0000000783aebbc8,0x0000000783b00000)
  from space 101376K, 91% used [0x000000078a680000,0x00000007901270d8,0x0000000790980000)
  to   space 110080K, 0% used [0x0000000783b00000,0x0000000783b00000,0x000000078a680000)
 ParOldGen       total 482816K, used 322774K [0x00000006c0000000, 0x00000006dd780000, 0x000000076ab00000)
  object space 482816K, 66% used [0x00000006c0000000,0x00000006d3b359e0,0x00000006dd780000)
 Metaspace       used 14550K, capacity 15100K, committed 15360K, reserved 1062912K
  class space    used 1563K, capacity 1717K, committed 1792K, reserved 1048576K
Event: 10.661 GC heap after
Heap after GC invocations=21 (full 2):
 PSYoungGen      total 519680K, used 14059K [0x000000076ab00000, 0x0000000792c80000, 0x00000007c0000000)
  eden space 409600K, 0% used [0x000000076ab00000,0x000000076ab00000,0x0000000783b00000)
  from space 110080K, 12% used [0x0000000783b00000,0x00000007848baed0,0x000000078a680000)
  to   space 113152K, 0% used [0x000000078be00000,0x000000078be00000,0x0000000792c80000)
 ParOldGen       total 482816K, used 322782K [0x00000006c0000000, 0x00000006dd780000, 0x000000076ab00000)
  object space 482816K, 66% used [0x00000006c0000000,0x00000006d3b379e0,0x00000006dd780000)
 Metaspace       used 14550K, capacity 15100K, committed 15360K, reserved 1062912K
  class space    used 1563K, capacity 1717K, committed 1792K, reserved 1048576K
}
Event: 11.291 GC heap before
{Heap before GC invocations=22 (full 2):
 PSYoungGen      total 519680K, used 423659K [0x000000076ab00000, 0x0000000792c80000, 0x00000007c0000000)
  eden space 409600K, 100% used [0x000000076ab00000,0x0000000783b00000,0x0000000783b00000)
  from space 110080K, 12% used [0x0000000783b00000,0x00000007848baed0,0x000000078a680000)
  to   space 113152K, 0% used [0x000000078be00000,0x000000078be00000,0x0000000792c80000)
 ParOldGen       total 482816K, used 322782K [0x00000006c0000000, 0x00000006dd780000, 0x000000076ab00000)
  object space 482816K, 66% used [0x00000006c0000000,0x00000006d3b379e0,0x00000006dd780000)
 Metaspace       used 14588K, capacity 15164K, committed 15360K, reserved 1062912K
  class space    used 1563K, capacity 1717K, committed 1792K, reserved 1048576K
Event: 11.293 GC heap after
Heap after GC invocations=22 (full 2):
 PSYoungGen      total 539648K, used 9396K [0x000000076ab00000, 0x0000000792c80000, 0x00000007c0000000)
  eden space 426496K, 0% used [0x000000076ab00000,0x000000076ab00000,0x0000000784b80000)
  from space 113152K, 8% used [0x000000078be00000,0x000000078c72d258,0x0000000792c80000)
  to   space 115200K, 0% used [0x0000000784b80000,0x0000000784b80000,0x000000078bc00000)
 ParOldGen       total 482816K, used 322790K [0x00000006c0000000, 0x00000006dd780000, 0x000000076ab00000)
  object space 482816K, 66% used [0x00000006c0000000,0x00000006d3b399e0,0x00000006dd780000)
 Metaspace       used 14588K, capacity 15164K, committed 15360K, reserved 1062912K
  class space    used 1563K, capacity 1717K, committed 1792K, reserved 1048576K
}
Event: 11.790 GC heap before
{Heap before GC invocations=23 (full 2):
 PSYoungGen      total 539648K, used 435864K [0x000000076ab00000, 0x0000000792c80000, 0x00000007c0000000)
  eden space 426496K, 99% used [0x000000076ab00000,0x0000000784b78e30,0x0000000784b80000)
  from space 113152K, 8% used [0x000000078be00000,0x000000078c72d258,0x0000000792c80000)
  to   space 115200K, 0% used [0x0000000784b80000,0x0000000784b80000,0x000000078bc00000)
 ParOldGen       total 482816K, used 322790K [0x00000006c0000000, 0x00000006dd780000, 0x000000076ab00000)
  object space 482816K, 66% used [0x00000006c0000000,0x00000006d3b399e0,0x00000006dd780000)
 Metaspace       used 14660K, capacity 15236K, committed 15360K, reserved 1062912K
  class space    used 1564K, capacity 1717K, committed 1792K, reserved 1048576K
Event: 11.793 GC heap after
Heap after GC invocations=23 (full 2):
 PSYoungGen      total 541696K, used 26470K [0x000000076ab00000, 0x0000000793800000, 0x00000007c0000000)
  eden space 426496K, 0% used [0x000000076ab00000,0x000000076ab00000,0x0000000784b80000)
  from space 115200K, 22% used [0x0000000784b80000,0x0000000786559b28,0x000000078bc00000)
  to   space 113152K, 0% used [0x000000078c980000,0x000000078c980000,0x0000000793800000)
 ParOldGen       total 482816K, used 322798K [0x00000006c0000000, 0x00000006dd780000, 0x000000076ab00000)
  object space 482816K, 66% used [0x00000006c0000000,0x00000006d3b3b9e0,0x00000006dd780000)
 Metaspace       used 14660K, capacity 15236K, committed 15360K, reserved 1062912K
  class space    used 1564K, capacity 1717K, committed 1792K, reserved 1048576K
}

